<?xml version="1.0" encoding="UTF-8"?>
<!-- Generated by org.testng.reporters.JUnitXMLReporter -->
<testsuite hostname="PKLAPTOP" name="Test" tests="5" failures="0" timestamp="29 Jan 2021 22:30:25 GMT" time="25.814" errors="0">
  <testcase name="validUserBlankPass" time="3.393" classname="com.hrms.tests.OrangeHRM_LoginTests"/>
  <testcase name="validUserinvalidPass" time="3.584" classname="com.hrms.tests.OrangeHRM_LoginTests"/>
  <testcase name="invalidUservalidPass" time="3.696" classname="com.hrms.tests.OrangeHRM_LoginTests"/>
  <testcase name="invalidUserInvalidPass" time="3.579" classname="com.hrms.tests.OrangeHRM_LoginTests"/>
  <testcase name="blankUserValidPass" time="3.284" classname="com.hrms.tests.OrangeHRM_LoginTests"/>
</testsuite> <!-- Test -->
