<?xml version="1.0" encoding="UTF-8"?>
<testng-results skipped="0" failed="0" total="1" passed="1">
  <reporter-output>
  </reporter-output>
  <suite name="Default suite" duration-ms="28404" started-at="2021-02-04T00:09:05Z" finished-at="2021-02-04T00:09:34Z">
    <groups>
    </groups>
    <test name="Default test" duration-ms="28404" started-at="2021-02-04T00:09:05Z" finished-at="2021-02-04T00:09:34Z">
      <class name="com.hrms.hwtasks.RegisterEmailEtsy">
        <test-method status="PASS" signature="beforeMyMethod()[pri:0, instance:com.hrms.hwtasks.RegisterEmailEtsy@14dda234]" name="beforeMyMethod" is-config="true" duration-ms="5704" started-at="2021-02-03T19:09:05Z" finished-at="2021-02-03T19:09:11Z">
          <reporter-output>
          </reporter-output>
        </test-method> <!-- beforeMyMethod -->
        <test-method status="PASS" signature="verifyEmail()[pri:0, instance:com.hrms.hwtasks.RegisterEmailEtsy@14dda234]" name="verifyEmail" duration-ms="22671" started-at="2021-02-03T19:09:11Z" description="Login Email" finished-at="2021-02-03T19:09:34Z">
          <reporter-output>
          </reporter-output>
        </test-method> <!-- verifyEmail -->
      </class> <!-- com.hrms.hwtasks.RegisterEmailEtsy -->
    </test> <!-- Default test -->
  </suite> <!-- Default suite -->
</testng-results>
